<?xml version="1.0" encoding="UTF-8"?>
<testsuite xmlns:xsi="http://www.w3.org/2001/XMLSchema-instance" xsi:noNamespaceSchemaLocation="https://maven.apache.org/surefire/maven-surefire-plugin/xsd/surefire-test-report-3.0.xsd" version="3.0" name="runner.UserBlogRunner" time="7.092" tests="2" errors="0" skipped="0" failures="1">
  <properties>
[...]
</properties>
  <testcase name="Validate the email address from the comments made by the user on each post" classname="Validate the comments for the post made by User" time="6.195">
    <system-out><![CDATA[
@User_Blog_comments @Retrieve_User
Scenario Outline: Validate the email address from the comments made by the user on each post &amp#27;[90m# src/test/resources/features/User_Blog.feature:15&amp#27;[0m
  &amp#27;[32mGiven &amp#27;[0m&amp#27;[32mThe base API request&amp#27;[0m&amp#27;[32m&amp#27;[1m URL&amp#27;[0m                                                             &amp#27;[90m# stepDefinition.blogStepDef.thebaseAPIrequest(java.lang.String)&amp#27;[0m
[
  {
    "id": 9,
    "name": "Glenna Reichert",
    "username": "Delphine",
    "email": "Chaim_McDermott@dana.io",
    "address": {
      "street": "Dayna Park",
      "suite": "Suite 449",
      "city": "Bartholomebury",
      "zipcode": "76495-3109",
      "geo": {
        "lat": "24.6463",
        "lng": "-168.8889"
      }
    },
    "phone": "(775)976-6794 x41206",
    "website": "conrad.com",
    "company": {
      "name": "Yost and Sons",
      "catchPhrase": "Switchable contextually-based project",
      "bs": "aggregate real-time technologies"
    }
  }
]
  &amp#27;[32mWhen &amp#27;[0m&amp#27;[32mI search the user with&amp#27;[0m&amp#27;[32m&amp#27;[1mDelphine&amp#27;[0m                                                        &amp#27;[90m# stepDefinition.blogStepDef.iSearchTheUserWithUsername(java.lang.String)&amp#27;[0m
  &amp#27;[32mAnd &amp#27;[0m&amp#27;[32mThe details of the username should be fetched&amp#27;[0m                                          &amp#27;[90m# stepDefinition.blogStepDef.theDetailsOfUsernameShouldBeFetched()&amp#27;[0m
  &amp#27;[32mAnd &amp#27;[0m&amp#27;[32mI search the posts written by the User&amp#27;[0m                                                 &amp#27;[90m# stepDefinition.blogStepDef.iSearchThePostsWrittenByTheUser()&amp#27;[0m
Vella.Mayer@colten.net is true
Caleb_Dach@kathleen.us is true
Patience_Bahringer@dameon.biz is true
Destinee.Simonis@jose.tv is true
Keshaun@brown.biz is true
Merle.Schultz@marcel.org is true
Malvina_Fay@louie.name is true
Domenick_Douglas@gabe.us is true
Isaac@allene.net is true
Marianna.Pacocha@george.net is true
Sister_Barton@lela.com is true
Autumn.Lebsack@kasandra.ca is true
Irma.OKon@arden.me is true
Alaina_Hammes@carter.info is true
Alia@addison.org is true
Aurelie_McKenzie@providenci.biz is true
May_Steuber@virgil.net is true
Tessie@emilie.co.uk is true
Priscilla@colten.org is true
Aylin@abigale.me is true
Holden@kenny.io is true
Guillermo_Dare@dorothea.tv is true
Oscar@pearline.com is true
Jonathon_Feest@maxime.io is true
Micah_Wolf@lennie.co.uk is true
Shany@daisha.biz is true
Drew_Lemke@alexis.net is true
Karina.Donnelly@liam.com is true
Ahmed_Runolfsson@claire.name is true
Marilou_Halvorson@kane.io is true
Bernie.Schoen@seamus.co.uk is true
Joesph@darryl.net is true
Timmothy.Corwin@augustus.co.uk is true
Julien_OHara@vance.io is true
Susan.Bartell@euna.org is true
Selena.Quigley@johan.co.uk is true
Clifton_Boehm@jacynthe.io is true
Lizzie_Bartell@diamond.net is true
Yasmeen@golda.ca is true
Adolf.Russel@clark.ca is true
Elian@matilda.me is true
Salma@francis.net is true
Orlando_Dickinson@vern.org is true
Elda@orval.name is true
Dennis@karley.net is true
Jedediah@mason.io is true
Maryam@jack.name is true
Rick@carlos.tv is true
Vallie@jerrod.net is true
Adolph.Hayes@isobel.biz is true
  &amp#27;[32mThen &amp#27;[0m&amp#27;[32mFor each post I fetch the comments and validate if the email is in proper format&amp#27;[0m      &amp#27;[90m# stepDefinition.blogStepDef.forEachPostIFetchTheCommentsAndValidateIfTheEmailIsInProperFormat()&amp#27;[0m
]]></system-out>
  </testcase>
  <testcase name="Verify if the user exist" classname="Validate the comments for the post made by User" time="0.181">
    <failure type="org.opentest4j.AssertionFailedError"><![CDATA[org.opentest4j.AssertionFailedError: Username does not exist ==> expected: <true> but was: <false>
]]></failure>
    <system-out><![CDATA[
@User_Blog_comments @VerifyUserExist
Scenario Outline: Verify if the user exist &amp#27;[90m# src/test/resources/features/User_Blog.feature:25&amp#27;[0m
  &amp#27;[32mGiven &amp#27;[0m&amp#27;[32mThe base API request&amp#27;[0m&amp#27;[32m&amp#27;[1m URL&amp#27;[0m           &amp#27;[90m# stepDefinition.blogStepDef.thebaseAPIrequest(java.lang.String)&amp#27;[0m
[]
  &amp#27;[31mWhen &amp#27;[0m&amp#27;[31mI search the user with&amp#27;[0m&amp#27;[31m&amp#27;[1mMmakgwale&amp#27;[0m     &amp#27;[90m# stepDefinition.blogStepDef.iSearchTheUserWithUsername(java.lang.String)&amp#27;[0m
      &amp#27;[31morg.opentest4j.AssertionFailedError: Username does not exist ==> expected: <true> but was: <false>
	at org.junit.jupiter.api.AssertionUtils.fail(AssertionUtils.java:55)
	at org.junit.jupiter.api.AssertTrue.assertTrue(AssertTrue.java:40)
	at org.junit.jupiter.api.Assertions.assertTrue(Assertions.java:210)
	at stepDefinition.blogStepDef.iSearchTheUserWithUsername(blogStepDef.java:51)
	at âœ½.I search the user withMmakgwale(file:///C:/Users/tumil/IdeaProjects/placeholder-coding-framework/src/test/resources/features/User_Blog.feature:20)
&amp#27;[0m
  &amp#27;[36mThen &amp#27;[0m&amp#27;[36mI verify if &amp#27;[0m&amp#27;[36m&amp#27;[1mMmakgwale&amp#27;[0m&amp#27;[36m exist&amp#27;[0m         &amp#27;[90m# stepDefinition.blogStepDef.iVerifyIfTheUsernameExist(java.lang.String)&amp#27;[0m
]]></system-out>
  </testcase>
</testsuite>